2026-01-13 22:52:43 - INFO - __main__ - Wandb initialized: https://wandb.ai/alfredcs_team/orthgsa-qwen3-4b/runs/xwtti30z
2026-01-13 22:52:43 - INFO - __main__ - Loading model: Qwen/Qwen3-4B-Instruct-2507
2026-01-13 22:52:44 - INFO - orthgsa.models.orthgsa_model - Loading base model: Qwen/Qwen3-4B-Instruct-2507
`torch_dtype` is deprecated! Use `dtype` instead!
Loading checkpoint shards: 100%|█████████████████████████████████████████████████████████████████████████████████████████████████████████████████████████████████████████████████| 3/3 [00:00<00:00, 71.28it/s]
2026-01-13 22:52:44 - INFO - orthgsa.models.orthgsa_model - OrthGSA model initialized with 4 streams
2026-01-13 22:52:44 - INFO - __main__ - Model parameters: 4031.69M total, 4031.69M trainable
2026-01-13 22:52:44 - INFO - __main__ - Gradient checkpointing enabled
2026-01-13 22:52:48 - INFO - __main__ - Model wrapped with FSDP
2026-01-13 22:52:48 - INFO - orthgsa.utils.training_utils - Optimizer groups: 0 decay params, 760 no-decay params
2026-01-13 22:52:48 - INFO - orthgsa.utils.training_utils - Using fused AdamW optimizer
2026-01-13 22:52:48 - INFO - orthgsa.utils.training_utils - LR scheduler: cosine, warmup=3000, total=100000
2026-01-13 22:52:48 - INFO - orthgsa.data.slimpajama - Loading SlimPajama-627B (streaming, packed, split=train)
`trust_remote_code` is not supported anymore.
Please check that the Hugging Face dataset 'cerebras/SlimPajama-627B' isn't based on a loading script and remove `trust_remote_code`.
If the dataset is based on a loading script, please ask the dataset author to remove it and convert it to a standard format like Parquet.
2026-01-13 22:52:48 - ERROR - datasets.load - `trust_remote_code` is not supported anymore.
Please check that the Hugging Face dataset 'cerebras/SlimPajama-627B' isn't based on a loading script and remove `trust_remote_code`.
If the dataset is based on a loading script, please ask the dataset author to remove it and convert it to a standard format like Parquet.
Traceback (most recent call last):
  File "/home/alfred/codes/Orthogonal-Constrained-Gated-Sparse-Attention/.venv/lib/python3.11/site-packages/huggingface_hub/utils/_http.py", line 402, in hf_raise_for_status
    response.raise_for_status()
  File "/home/alfred/codes/Orthogonal-Constrained-Gated-Sparse-Attention/.venv/lib/python3.11/site-packages/requests/models.py", line 1026, in raise_for_status
    raise HTTPError(http_error_msg, response=self)
requests.exceptions.HTTPError: 404 Client Error: Not Found for url: https://huggingface.co/datasets/cerebras/SlimPajama-627B/resolve/2d0accdd58c5d5511943ca1f5ff0e3eb5e293543/SlimPajama-627B.py

The above exception was the direct cause of the following exception:

Traceback (most recent call last):
  File "/home/alfred/codes/Orthogonal-Constrained-Gated-Sparse-Attention/.venv/lib/python3.11/site-packages/datasets/load.py", line 987, in dataset_module_factory
    api.hf_hub_download(
  File "/home/alfred/codes/Orthogonal-Constrained-Gated-Sparse-Attention/.venv/lib/python3.11/site-packages/huggingface_hub/utils/_validators.py", line 114, in _inner_fn
    return fn(*args, **kwargs)
           ^^^^^^^^^^^^^^^^^^^
  File "/home/alfred/codes/Orthogonal-Constrained-Gated-Sparse-Attention/.venv/lib/python3.11/site-packages/huggingface_hub/hf_api.py", line 5467, in hf_hub_download
    return hf_hub_download(
           ^^^^^^^^^^^^^^^^
  File "/home/alfred/codes/Orthogonal-Constrained-Gated-Sparse-Attention/.venv/lib/python3.11/site-packages/huggingface_hub/utils/_validators.py", line 114, in _inner_fn
    return fn(*args, **kwargs)
           ^^^^^^^^^^^^^^^^^^^
  File "/home/alfred/codes/Orthogonal-Constrained-Gated-Sparse-Attention/.venv/lib/python3.11/site-packages/huggingface_hub/file_download.py", line 1007, in hf_hub_download
    return _hf_hub_download_to_cache_dir(
           ^^^^^^^^^^^^^^^^^^^^^^^^^^^^^^
  File "/home/alfred/codes/Orthogonal-Constrained-Gated-Sparse-Attention/.venv/lib/python3.11/site-packages/huggingface_hub/file_download.py", line 1070, in _hf_hub_download_to_cache_dir
    (url_to_download, etag, commit_hash, expected_size, xet_file_data, head_call_error) = _get_metadata_or_catch_error(
                                                                                          ^^^^^^^^^^^^^^^^^^^^^^^^^^^^^
  File "/home/alfred/codes/Orthogonal-Constrained-Gated-Sparse-Attention/.venv/lib/python3.11/site-packages/huggingface_hub/file_download.py", line 1543, in _get_metadata_or_catch_error
    metadata = get_hf_file_metadata(
               ^^^^^^^^^^^^^^^^^^^^^
  File "/home/alfred/codes/Orthogonal-Constrained-Gated-Sparse-Attention/.venv/lib/python3.11/site-packages/huggingface_hub/utils/_validators.py", line 114, in _inner_fn
    return fn(*args, **kwargs)
           ^^^^^^^^^^^^^^^^^^^
  File "/home/alfred/codes/Orthogonal-Constrained-Gated-Sparse-Attention/.venv/lib/python3.11/site-packages/huggingface_hub/file_download.py", line 1460, in get_hf_file_metadata
    r = _request_wrapper(
        ^^^^^^^^^^^^^^^^^
  File "/home/alfred/codes/Orthogonal-Constrained-Gated-Sparse-Attention/.venv/lib/python3.11/site-packages/huggingface_hub/file_download.py", line 283, in _request_wrapper
    response = _request_wrapper(
               ^^^^^^^^^^^^^^^^^
  File "/home/alfred/codes/Orthogonal-Constrained-Gated-Sparse-Attention/.venv/lib/python3.11/site-packages/huggingface_hub/file_download.py", line 307, in _request_wrapper
    hf_raise_for_status(response)
  File "/home/alfred/codes/Orthogonal-Constrained-Gated-Sparse-Attention/.venv/lib/python3.11/site-packages/huggingface_hub/utils/_http.py", line 413, in hf_raise_for_status
    raise _format(EntryNotFoundError, message, response) from e
huggingface_hub.errors.EntryNotFoundError: 404 Client Error. (Request ID: Root=1-6966ccc0-4987d1072acadea924b8c242;c84f235e-af75-49cd-bec9-95db8c3a6d71)

Entry Not Found for url: https://huggingface.co/datasets/cerebras/SlimPajama-627B/resolve/2d0accdd58c5d5511943ca1f5ff0e3eb5e293543/SlimPajama-627B.py.

During handling of the above exception, another exception occurred:

Traceback (most recent call last):
  File "/home/alfred/codes/Orthogonal-Constrained-Gated-Sparse-Attention/scripts/train.py", line 451, in <module>
    main()
  File "/home/alfred/codes/Orthogonal-Constrained-Gated-Sparse-Attention/scripts/train.py", line 278, in main
    train_dataloader = get_slimpajama_dataloader(
                       ^^^^^^^^^^^^^^^^^^^^^^^^^^
  File "/home/alfred/codes/Orthogonal-Constrained-Gated-Sparse-Attention/orthgsa/data/slimpajama.py", line 270, in get_slimpajama_dataloader
    dataset = PackedSlimPajamaDataset(
              ^^^^^^^^^^^^^^^^^^^^^^^^
  File "/home/alfred/codes/Orthogonal-Constrained-Gated-Sparse-Attention/orthgsa/data/slimpajama.py", line 184, in __init__
    self.dataset = load_dataset(
                   ^^^^^^^^^^^^^
  File "/home/alfred/codes/Orthogonal-Constrained-Gated-Sparse-Attention/.venv/lib/python3.11/site-packages/datasets/load.py", line 1492, in load_dataset
    builder_instance = load_dataset_builder(
                       ^^^^^^^^^^^^^^^^^^^^^
  File "/home/alfred/codes/Orthogonal-Constrained-Gated-Sparse-Attention/.venv/lib/python3.11/site-packages/datasets/load.py", line 1137, in load_dataset_builder
    dataset_module = dataset_module_factory(
                     ^^^^^^^^^^^^^^^^^^^^^^^
  File "/home/alfred/codes/Orthogonal-Constrained-Gated-Sparse-Attention/.venv/lib/python3.11/site-packages/datasets/load.py", line 1009, in dataset_module_factory
    ).get_module()
      ^^^^^^^^^^^^
  File "/home/alfred/codes/Orthogonal-Constrained-Gated-Sparse-Attention/.venv/lib/python3.11/site-packages/datasets/load.py", line 632, in get_module
    patterns = get_data_patterns(base_path, download_config=self.download_config)
               ^^^^^^^^^^^^^^^^^^^^^^^^^^^^^^^^^^^^^^^^^^^^^^^^^^^^^^^^^^^^^^^^^^
  File "/home/alfred/codes/Orthogonal-Constrained-Gated-Sparse-Attention/.venv/lib/python3.11/site-packages/datasets/data_files.py", line 480, in get_data_patterns
    return _get_data_files_patterns(resolver)
           ^^^^^^^^^^^^^^^^^^^^^^^^^^^^^^^^^^
  File "/home/alfred/codes/Orthogonal-Constrained-Gated-Sparse-Attention/.venv/lib/python3.11/site-packages/datasets/data_files.py", line 287, in _get_data_files_patterns
    data_files = pattern_resolver(pattern)
                 ^^^^^^^^^^^^^^^^^^^^^^^^^
  File "/home/alfred/codes/Orthogonal-Constrained-Gated-Sparse-Attention/.venv/lib/python3.11/site-packages/datasets/data_files.py", line 367, in resolve_pattern
    for filepath, info in fs.glob(pattern, detail=True, **glob_kwargs).items()
                          ^^^^^^^^^^^^^^^^^^^^^^^^^^^^^^^^^^^^^^^^^^^^
  File "/home/alfred/codes/Orthogonal-Constrained-Gated-Sparse-Attention/.venv/lib/python3.11/site-packages/huggingface_hub/hf_file_system.py", line 528, in glob
    return super().glob(path, **kwargs)
           ^^^^^^^^^^^^^^^^^^^^^^^^^^^^
  File "/home/alfred/codes/Orthogonal-Constrained-Gated-Sparse-Attention/.venv/lib/python3.11/site-packages/fsspec/spec.py", line 642, in glob
    allpaths = self.find(root, maxdepth=depth, withdirs=True, detail=True, **kwargs)
               ^^^^^^^^^^^^^^^^^^^^^^^^^^^^^^^^^^^^^^^^^^^^^^^^^^^^^^^^^^^^^^^^^^^^^
  File "/home/alfred/codes/Orthogonal-Constrained-Gated-Sparse-Attention/.venv/lib/python3.11/site-packages/huggingface_hub/hf_file_system.py", line 567, in find
    out = self._ls_tree(
          ^^^^^^^^^^^^^^
  File "/home/alfred/codes/Orthogonal-Constrained-Gated-Sparse-Attention/.venv/lib/python3.11/site-packages/huggingface_hub/hf_file_system.py", line 453, in _ls_tree
    self._ls_tree(
  File "/home/alfred/codes/Orthogonal-Constrained-Gated-Sparse-Attention/.venv/lib/python3.11/site-packages/huggingface_hub/hf_file_system.py", line 471, in _ls_tree
    for path_info in tree:
  File "/home/alfred/codes/Orthogonal-Constrained-Gated-Sparse-Attention/.venv/lib/python3.11/site-packages/huggingface_hub/hf_api.py", line 3191, in list_repo_tree
    for path_info in paginate(path=tree_url, headers=headers, params={"recursive": recursive, "expand": expand}):
  File "/home/alfred/codes/Orthogonal-Constrained-Gated-Sparse-Attention/.venv/lib/python3.11/site-packages/huggingface_hub/utils/_pagination.py", line 45, in paginate
    r = http_backoff("GET", next_page, max_retries=20, retry_on_status_codes=429, headers=headers)
        ^^^^^^^^^^^^^^^^^^^^^^^^^^^^^^^^^^^^^^^^^^^^^^^^^^^^^^^^^^^^^^^^^^^^^^^^^^^^^^^^^^^^^^^^^^
  File "/home/alfred/codes/Orthogonal-Constrained-Gated-Sparse-Attention/.venv/lib/python3.11/site-packages/huggingface_hub/utils/_http.py", line 306, in http_backoff
    response = session.request(method=method, url=url, **kwargs)
               ^^^^^^^^^^^^^^^^^^^^^^^^^^^^^^^^^^^^^^^^^^^^^^^^^
  File "/home/alfred/codes/Orthogonal-Constrained-Gated-Sparse-Attention/.venv/lib/python3.11/site-packages/requests/sessions.py", line 589, in request
    resp = self.send(prep, **send_kwargs)
           ^^^^^^^^^^^^^^^^^^^^^^^^^^^^^^
  File "/home/alfred/codes/Orthogonal-Constrained-Gated-Sparse-Attention/.venv/lib/python3.11/site-packages/requests/sessions.py", line 703, in send
    r = adapter.send(request, **kwargs)
        ^^^^^^^^^^^^^^^^^^^^^^^^^^^^^^^
  File "/home/alfred/codes/Orthogonal-Constrained-Gated-Sparse-Attention/.venv/lib/python3.11/site-packages/huggingface_hub/utils/_http.py", line 95, in send
    return super().send(request, *args, **kwargs)
           ^^^^^^^^^^^^^^^^^^^^^^^^^^^^^^^^^^^^^^
  File "/home/alfred/codes/Orthogonal-Constrained-Gated-Sparse-Attention/.venv/lib/python3.11/site-packages/requests/adapters.py", line 644, in send
    resp = conn.urlopen(
           ^^^^^^^^^^^^^
  File "/home/alfred/codes/Orthogonal-Constrained-Gated-Sparse-Attention/.venv/lib/python3.11/site-packages/urllib3/connectionpool.py", line 787, in urlopen
    response = self._make_request(
               ^^^^^^^^^^^^^^^^^^^
  File "/home/alfred/codes/Orthogonal-Constrained-Gated-Sparse-Attention/.venv/lib/python3.11/site-packages/urllib3/connectionpool.py", line 534, in _make_request
    response = conn.getresponse()
               ^^^^^^^^^^^^^^^^^^
  File "/home/alfred/codes/Orthogonal-Constrained-Gated-Sparse-Attention/.venv/lib/python3.11/site-packages/urllib3/connection.py", line 571, in getresponse
    httplib_response = super().getresponse()
                       ^^^^^^^^^^^^^^^^^^^^^
  File "/home/alfred/.conda/envs/dui/lib/python3.11/http/client.py", line 1378, in getresponse
    response.begin()
  File "/home/alfred/.conda/envs/dui/lib/python3.11/http/client.py", line 318, in begin
    version, status, reason = self._read_status()
                              ^^^^^^^^^^^^^^^^^^^
  File "/home/alfred/.conda/envs/dui/lib/python3.11/http/client.py", line 279, in _read_status
    line = str(self.fp.readline(_MAXLINE + 1), "iso-8859-1")
               ^^^^^^^^^^^^^^^^^^^^^^^^^^^^^^
  File "/home/alfred/.conda/envs/dui/lib/python3.11/socket.py", line 706, in readinto
    return self._sock.recv_into(b)
           ^^^^^^^^^^^^^^^^^^^^^^^
  File "/home/alfred/.conda/envs/dui/lib/python3.11/ssl.py", line 1311, in recv_into
    return self.read(nbytes, buffer)
           ^^^^^^^^^^^^^^^^^^^^^^^^^
  File "/home/alfred/.conda/envs/dui/lib/python3.11/ssl.py", line 1167, in read
    return self._sslobj.read(len, buffer)
           ^^^^^^^^^^^^^^^^^^^^^^^^^^^^^^
KeyboardInterrupt
[rank0]: Traceback (most recent call last):
[rank0]:   File "/home/alfred/codes/Orthogonal-Constrained-Gated-Sparse-Attention/.venv/lib/python3.11/site-packages/huggingface_hub/utils/_http.py", line 402, in hf_raise_for_status
[rank0]:     response.raise_for_status()
[rank0]:   File "/home/alfred/codes/Orthogonal-Constrained-Gated-Sparse-Attention/.venv/lib/python3.11/site-packages/requests/models.py", line 1026, in raise_for_status
[rank0]:     raise HTTPError(http_error_msg, response=self)
[rank0]: requests.exceptions.HTTPError: 404 Client Error: Not Found for url: https://huggingface.co/datasets/cerebras/SlimPajama-627B/resolve/2d0accdd58c5d5511943ca1f5ff0e3eb5e293543/SlimPajama-627B.py

[rank0]: The above exception was the direct cause of the following exception:

[rank0]: Traceback (most recent call last):
[rank0]:   File "/home/alfred/codes/Orthogonal-Constrained-Gated-Sparse-Attention/.venv/lib/python3.11/site-packages/datasets/load.py", line 987, in dataset_module_factory
[rank0]:     api.hf_hub_download(
[rank0]:   File "/home/alfred/codes/Orthogonal-Constrained-Gated-Sparse-Attention/.venv/lib/python3.11/site-packages/huggingface_hub/utils/_validators.py", line 114, in _inner_fn
[rank0]:     return fn(*args, **kwargs)
[rank0]:            ^^^^^^^^^^^^^^^^^^^
[rank0]:   File "/home/alfred/codes/Orthogonal-Constrained-Gated-Sparse-Attention/.venv/lib/python3.11/site-packages/huggingface_hub/hf_api.py", line 5467, in hf_hub_download
[rank0]:     return hf_hub_download(
[rank0]:            ^^^^^^^^^^^^^^^^
[rank0]:   File "/home/alfred/codes/Orthogonal-Constrained-Gated-Sparse-Attention/.venv/lib/python3.11/site-packages/huggingface_hub/utils/_validators.py", line 114, in _inner_fn
[rank0]:     return fn(*args, **kwargs)
[rank0]:            ^^^^^^^^^^^^^^^^^^^
[rank0]:   File "/home/alfred/codes/Orthogonal-Constrained-Gated-Sparse-Attention/.venv/lib/python3.11/site-packages/huggingface_hub/file_download.py", line 1007, in hf_hub_download
[rank0]:     return _hf_hub_download_to_cache_dir(
[rank0]:            ^^^^^^^^^^^^^^^^^^^^^^^^^^^^^^
[rank0]:   File "/home/alfred/codes/Orthogonal-Constrained-Gated-Sparse-Attention/.venv/lib/python3.11/site-packages/huggingface_hub/file_download.py", line 1070, in _hf_hub_download_to_cache_dir
[rank0]:     (url_to_download, etag, commit_hash, expected_size, xet_file_data, head_call_error) = _get_metadata_or_catch_error(
[rank0]:                                                                                           ^^^^^^^^^^^^^^^^^^^^^^^^^^^^^
[rank0]:   File "/home/alfred/codes/Orthogonal-Constrained-Gated-Sparse-Attention/.venv/lib/python3.11/site-packages/huggingface_hub/file_download.py", line 1543, in _get_metadata_or_catch_error
[rank0]:     metadata = get_hf_file_metadata(
[rank0]:                ^^^^^^^^^^^^^^^^^^^^^
[rank0]:   File "/home/alfred/codes/Orthogonal-Constrained-Gated-Sparse-Attention/.venv/lib/python3.11/site-packages/huggingface_hub/utils/_validators.py", line 114, in _inner_fn
[rank0]:     return fn(*args, **kwargs)
[rank0]:            ^^^^^^^^^^^^^^^^^^^
[rank0]:   File "/home/alfred/codes/Orthogonal-Constrained-Gated-Sparse-Attention/.venv/lib/python3.11/site-packages/huggingface_hub/file_download.py", line 1460, in get_hf_file_metadata
[rank0]:     r = _request_wrapper(
[rank0]:         ^^^^^^^^^^^^^^^^^
[rank0]:   File "/home/alfred/codes/Orthogonal-Constrained-Gated-Sparse-Attention/.venv/lib/python3.11/site-packages/huggingface_hub/file_download.py", line 283, in _request_wrapper
[rank0]:     response = _request_wrapper(
[rank0]:                ^^^^^^^^^^^^^^^^^
[rank0]:   File "/home/alfred/codes/Orthogonal-Constrained-Gated-Sparse-Attention/.venv/lib/python3.11/site-packages/huggingface_hub/file_download.py", line 307, in _request_wrapper
[rank0]:     hf_raise_for_status(response)
[rank0]:   File "/home/alfred/codes/Orthogonal-Constrained-Gated-Sparse-Attention/.venv/lib/python3.11/site-packages/huggingface_hub/utils/_http.py", line 413, in hf_raise_for_status
[rank0]:     raise _format(EntryNotFoundError, message, response) from e
[rank0]: huggingface_hub.errors.EntryNotFoundError: 404 Client Error. (Request ID: Root=1-6966ccc0-4987d1072acadea924b8c242;c84f235e-af75-49cd-bec9-95db8c3a6d71)

[rank0]: Entry Not Found for url: https://huggingface.co/datasets/cerebras/SlimPajama-627B/resolve/2d0accdd58c5d5511943ca1f5ff0e3eb5e293543/SlimPajama-627B.py.

[rank0]: During handling of the above exception, another exception occurred:

[rank0]: Traceback (most recent call last):
[rank0]:   File "/home/alfred/codes/Orthogonal-Constrained-Gated-Sparse-Attention/scripts/train.py", line 451, in <module>
[rank0]:     main()
[rank0]:   File "/home/alfred/codes/Orthogonal-Constrained-Gated-Sparse-Attention/scripts/train.py", line 278, in main
[rank0]:     train_dataloader = get_slimpajama_dataloader(
[rank0]:                        ^^^^^^^^^^^^^^^^^^^^^^^^^^
[rank0]:   File "/home/alfred/codes/Orthogonal-Constrained-Gated-Sparse-Attention/orthgsa/data/slimpajama.py", line 270, in get_slimpajama_dataloader
[rank0]:     dataset = PackedSlimPajamaDataset(
[rank0]:               ^^^^^^^^^^^^^^^^^^^^^^^^
[rank0]:   File "/home/alfred/codes/Orthogonal-Constrained-Gated-Sparse-Attention/orthgsa/data/slimpajama.py", line 184, in __init__
[rank0]:     self.dataset = load_dataset(
[rank0]:                    ^^^^^^^^^^^^^
[rank0]:   File "/home/alfred/codes/Orthogonal-Constrained-Gated-Sparse-Attention/.venv/lib/python3.11/site-packages/datasets/load.py", line 1492, in load_dataset
[rank0]:     builder_instance = load_dataset_builder(
[rank0]:                        ^^^^^^^^^^^^^^^^^^^^^
[rank0]:   File "/home/alfred/codes/Orthogonal-Constrained-Gated-Sparse-Attention/.venv/lib/python3.11/site-packages/datasets/load.py", line 1137, in load_dataset_builder
[rank0]:     dataset_module = dataset_module_factory(
[rank0]:                      ^^^^^^^^^^^^^^^^^^^^^^^
[rank0]:   File "/home/alfred/codes/Orthogonal-Constrained-Gated-Sparse-Attention/.venv/lib/python3.11/site-packages/datasets/load.py", line 1009, in dataset_module_factory
[rank0]:     ).get_module()
[rank0]:       ^^^^^^^^^^^^
[rank0]:   File "/home/alfred/codes/Orthogonal-Constrained-Gated-Sparse-Attention/.venv/lib/python3.11/site-packages/datasets/load.py", line 632, in get_module
[rank0]:     patterns = get_data_patterns(base_path, download_config=self.download_config)
[rank0]:                ^^^^^^^^^^^^^^^^^^^^^^^^^^^^^^^^^^^^^^^^^^^^^^^^^^^^^^^^^^^^^^^^^^
[rank0]:   File "/home/alfred/codes/Orthogonal-Constrained-Gated-Sparse-Attention/.venv/lib/python3.11/site-packages/datasets/data_files.py", line 480, in get_data_patterns
[rank0]:     return _get_data_files_patterns(resolver)
[rank0]:            ^^^^^^^^^^^^^^^^^^^^^^^^^^^^^^^^^^
[rank0]:   File "/home/alfred/codes/Orthogonal-Constrained-Gated-Sparse-Attention/.venv/lib/python3.11/site-packages/datasets/data_files.py", line 287, in _get_data_files_patterns
[rank0]:     data_files = pattern_resolver(pattern)
[rank0]:                  ^^^^^^^^^^^^^^^^^^^^^^^^^
[rank0]:   File "/home/alfred/codes/Orthogonal-Constrained-Gated-Sparse-Attention/.venv/lib/python3.11/site-packages/datasets/data_files.py", line 367, in resolve_pattern
[rank0]:     for filepath, info in fs.glob(pattern, detail=True, **glob_kwargs).items()
[rank0]:                           ^^^^^^^^^^^^^^^^^^^^^^^^^^^^^^^^^^^^^^^^^^^^
[rank0]:   File "/home/alfred/codes/Orthogonal-Constrained-Gated-Sparse-Attention/.venv/lib/python3.11/site-packages/huggingface_hub/hf_file_system.py", line 528, in glob
[rank0]:     return super().glob(path, **kwargs)
[rank0]:            ^^^^^^^^^^^^^^^^^^^^^^^^^^^^
[rank0]:   File "/home/alfred/codes/Orthogonal-Constrained-Gated-Sparse-Attention/.venv/lib/python3.11/site-packages/fsspec/spec.py", line 642, in glob
[rank0]:     allpaths = self.find(root, maxdepth=depth, withdirs=True, detail=True, **kwargs)
[rank0]:                ^^^^^^^^^^^^^^^^^^^^^^^^^^^^^^^^^^^^^^^^^^^^^^^^^^^^^^^^^^^^^^^^^^^^^
[rank0]:   File "/home/alfred/codes/Orthogonal-Constrained-Gated-Sparse-Attention/.venv/lib/python3.11/site-packages/huggingface_hub/hf_file_system.py", line 567, in find
[rank0]:     out = self._ls_tree(
[rank0]:           ^^^^^^^^^^^^^^
[rank0]:   File "/home/alfred/codes/Orthogonal-Constrained-Gated-Sparse-Attention/.venv/lib/python3.11/site-packages/huggingface_hub/hf_file_system.py", line 453, in _ls_tree
[rank0]:     self._ls_tree(
[rank0]:   File "/home/alfred/codes/Orthogonal-Constrained-Gated-Sparse-Attention/.venv/lib/python3.11/site-packages/huggingface_hub/hf_file_system.py", line 471, in _ls_tree
[rank0]:     for path_info in tree:
[rank0]:   File "/home/alfred/codes/Orthogonal-Constrained-Gated-Sparse-Attention/.venv/lib/python3.11/site-packages/huggingface_hub/hf_api.py", line 3191, in list_repo_tree
[rank0]:     for path_info in paginate(path=tree_url, headers=headers, params={"recursive": recursive, "expand": expand}):
[rank0]:   File "/home/alfred/codes/Orthogonal-Constrained-Gated-Sparse-Attention/.venv/lib/python3.11/site-packages/huggingface_hub/utils/_pagination.py", line 45, in paginate
[rank0]:     r = http_backoff("GET", next_page, max_retries=20, retry_on_status_codes=429, headers=headers)
[rank0]:         ^^^^^^^^^^^^^^^^^^^^^^^^^^^^^^^^^^^^^^^^^^^^^^^^^^^^^^^^^^^^^^^^^^^^^^^^^^^^^^^^^^^^^^^^^^
[rank0]:   File "/home/alfred/codes/Orthogonal-Constrained-Gated-Sparse-Attention/.venv/lib/python3.11/site-packages/huggingface_hub/utils/_http.py", line 306, in http_backoff
[rank0]:     response = session.request(method=method, url=url, **kwargs)
[rank0]:                ^^^^^^^^^^^^^^^^^^^^^^^^^^^^^^^^^^^^^^^^^^^^^^^^^
[rank0]:   File "/home/alfred/codes/Orthogonal-Constrained-Gated-Sparse-Attention/.venv/lib/python3.11/site-packages/requests/sessions.py", line 589, in request
[rank0]:     resp = self.send(prep, **send_kwargs)
[rank0]:            ^^^^^^^^^^^^^^^^^^^^^^^^^^^^^^
[rank0]:   File "/home/alfred/codes/Orthogonal-Constrained-Gated-Sparse-Attention/.venv/lib/python3.11/site-packages/requests/sessions.py", line 703, in send
[rank0]:     r = adapter.send(request, **kwargs)
[rank0]:         ^^^^^^^^^^^^^^^^^^^^^^^^^^^^^^^
[rank0]:   File "/home/alfred/codes/Orthogonal-Constrained-Gated-Sparse-Attention/.venv/lib/python3.11/site-packages/huggingface_hub/utils/_http.py", line 95, in send
[rank0]:     return super().send(request, *args, **kwargs)
[rank0]:            ^^^^^^^^^^^^^^^^^^^^^^^^^^^^^^^^^^^^^^
[rank0]:   File "/home/alfred/codes/Orthogonal-Constrained-Gated-Sparse-Attention/.venv/lib/python3.11/site-packages/requests/adapters.py", line 644, in send
[rank0]:     resp = conn.urlopen(
[rank0]:            ^^^^^^^^^^^^^
[rank0]:   File "/home/alfred/codes/Orthogonal-Constrained-Gated-Sparse-Attention/.venv/lib/python3.11/site-packages/urllib3/connectionpool.py", line 787, in urlopen
[rank0]:     response = self._make_request(
[rank0]:                ^^^^^^^^^^^^^^^^^^^
[rank0]:   File "/home/alfred/codes/Orthogonal-Constrained-Gated-Sparse-Attention/.venv/lib/python3.11/site-packages/urllib3/connectionpool.py", line 534, in _make_request
[rank0]:     response = conn.getresponse()
[rank0]:                ^^^^^^^^^^^^^^^^^^
[rank0]:   File "/home/alfred/codes/Orthogonal-Constrained-Gated-Sparse-Attention/.venv/lib/python3.11/site-packages/urllib3/connection.py", line 571, in getresponse
[rank0]:     httplib_response = super().getresponse()
[rank0]:                        ^^^^^^^^^^^^^^^^^^^^^
[rank0]:   File "/home/alfred/.conda/envs/dui/lib/python3.11/http/client.py", line 1378, in getresponse
[rank0]:     response.begin()
[rank0]:   File "/home/alfred/.conda/envs/dui/lib/python3.11/http/client.py", line 318, in begin
[rank0]:     version, status, reason = self._read_status()
[rank0]:                               ^^^^^^^^^^^^^^^^^^^
[rank0]:   File "/home/alfred/.conda/envs/dui/lib/python3.11/http/client.py", line 279, in _read_status
[rank0]:     line = str(self.fp.readline(_MAXLINE + 1), "iso-8859-1")
[rank0]:                ^^^^^^^^^^^^^^^^^^^^^^^^^^^^^^
[rank0]:   File "/home/alfred/.conda/envs/dui/lib/python3.11/socket.py", line 706, in readinto
[rank0]:     return self._sock.recv_into(b)
[rank0]:            ^^^^^^^^^^^^^^^^^^^^^^^
[rank0]:   File "/home/alfred/.conda/envs/dui/lib/python3.11/ssl.py", line 1311, in recv_into
[rank0]:     return self.read(nbytes, buffer)
[rank0]:            ^^^^^^^^^^^^^^^^^^^^^^^^^
[rank0]:   File "/home/alfred/.conda/envs/dui/lib/python3.11/ssl.py", line 1167, in read
[rank0]:     return self._sslobj.read(len, buffer)
[rank0]:            ^^^^^^^^^^^^^^^^^^^^^^^^^^^^^^
[rank0]: KeyboardInterrupt
